[1.341s] Invoking command in '/home/ruby/dev_ws/src/my_robot_controller': PYTHONPATH=/home/ruby/dev_ws/src/build/my_robot_controller/prefix_override:/usr/lib/python3/dist-packages/colcon_core/task/python/colcon_distutils_commands:/home/ruby/dev_ws/src/install/my_robot_controller/lib/python3.12/site-packages:${PYTHONPATH} /usr/bin/python3 -W ignore:setup.py install is deprecated -W ignore:easy_install command is deprecated setup.py egg_info --egg-base ../build/my_robot_controller build --build-base /home/ruby/dev_ws/src/build/my_robot_controller/build install --record /home/ruby/dev_ws/src/build/my_robot_controller/install.log --single-version-externally-managed install_data
[1.672s] running egg_info
[1.672s] creating ../build/my_robot_controller/my_robot_controller.egg-info
[1.695s] writing ../build/my_robot_controller/my_robot_controller.egg-info/PKG-INFO
[1.697s] writing dependency_links to ../build/my_robot_controller/my_robot_controller.egg-info/dependency_links.txt
[1.698s] writing entry points to ../build/my_robot_controller/my_robot_controller.egg-info/entry_points.txt
[1.698s] writing requirements to ../build/my_robot_controller/my_robot_controller.egg-info/requires.txt
[1.698s] writing top-level names to ../build/my_robot_controller/my_robot_controller.egg-info/top_level.txt
[1.698s] writing manifest file '../build/my_robot_controller/my_robot_controller.egg-info/SOURCES.txt'
[1.745s] reading manifest file '../build/my_robot_controller/my_robot_controller.egg-info/SOURCES.txt'
[1.746s] writing manifest file '../build/my_robot_controller/my_robot_controller.egg-info/SOURCES.txt'
[1.746s] running build
[1.747s] running build_py
[1.747s] creating /home/ruby/dev_ws/src/build/my_robot_controller/build
[1.747s] creating /home/ruby/dev_ws/src/build/my_robot_controller/build/lib
[1.748s] creating /home/ruby/dev_ws/src/build/my_robot_controller/build/lib/my_robot_controller
[1.749s] copying my_robot_controller/wasd_control.py -> /home/ruby/dev_ws/src/build/my_robot_controller/build/lib/my_robot_controller
[1.750s] copying my_robot_controller/__init__.py -> /home/ruby/dev_ws/src/build/my_robot_controller/build/lib/my_robot_controller
[1.751s] running install
[1.759s] running install_lib
[1.783s] creating /home/ruby/dev_ws/src/install/my_robot_controller/lib/python3.12/site-packages/my_robot_controller
[1.784s] copying /home/ruby/dev_ws/src/build/my_robot_controller/build/lib/my_robot_controller/wasd_control.py -> /home/ruby/dev_ws/src/install/my_robot_controller/lib/python3.12/site-packages/my_robot_controller
[1.784s] copying /home/ruby/dev_ws/src/build/my_robot_controller/build/lib/my_robot_controller/__init__.py -> /home/ruby/dev_ws/src/install/my_robot_controller/lib/python3.12/site-packages/my_robot_controller
[1.785s] byte-compiling /home/ruby/dev_ws/src/install/my_robot_controller/lib/python3.12/site-packages/my_robot_controller/wasd_control.py to wasd_control.cpython-312.pyc
[1.786s] byte-compiling /home/ruby/dev_ws/src/install/my_robot_controller/lib/python3.12/site-packages/my_robot_controller/__init__.py to __init__.cpython-312.pyc
[1.786s] running install_data
[1.786s] creating /home/ruby/dev_ws/src/install/my_robot_controller/share/ament_index
[1.787s] creating /home/ruby/dev_ws/src/install/my_robot_controller/share/ament_index/resource_index
[1.789s] creating /home/ruby/dev_ws/src/install/my_robot_controller/share/ament_index/resource_index/packages
[1.790s] copying resource/my_robot_controller -> /home/ruby/dev_ws/src/install/my_robot_controller/share/ament_index/resource_index/packages
[1.790s] copying package.xml -> /home/ruby/dev_ws/src/install/my_robot_controller/share/my_robot_controller
[1.790s] running install_egg_info
[1.813s] Copying ../build/my_robot_controller/my_robot_controller.egg-info to /home/ruby/dev_ws/src/install/my_robot_controller/lib/python3.12/site-packages/my_robot_controller-0.0.0-py3.12.egg-info
[1.817s] running install_scripts
[1.964s] Installing wasd_node script to /home/ruby/dev_ws/src/install/my_robot_controller/lib/my_robot_controller
[1.965s] writing list of installed files to '/home/ruby/dev_ws/src/build/my_robot_controller/install.log'
[2.017s] Invoked command in '/home/ruby/dev_ws/src/my_robot_controller' returned '0': PYTHONPATH=/home/ruby/dev_ws/src/build/my_robot_controller/prefix_override:/usr/lib/python3/dist-packages/colcon_core/task/python/colcon_distutils_commands:/home/ruby/dev_ws/src/install/my_robot_controller/lib/python3.12/site-packages:${PYTHONPATH} /usr/bin/python3 -W ignore:setup.py install is deprecated -W ignore:easy_install command is deprecated setup.py egg_info --egg-base ../build/my_robot_controller build --build-base /home/ruby/dev_ws/src/build/my_robot_controller/build install --record /home/ruby/dev_ws/src/build/my_robot_controller/install.log --single-version-externally-managed install_data
