[1.706s] Invoking command in '/home/ruby/dev_ws/src/my_robot_controller': PYTHONPATH=/home/ruby/dev_ws/build/my_robot_controller/prefix_override:/usr/lib/python3/dist-packages/colcon_core/task/python/colcon_distutils_commands:/home/ruby/dev_ws/install/my_robot_controller/lib/python3.12/site-packages:${PYTHONPATH} /usr/bin/python3 -W ignore:setup.py install is deprecated -W ignore:easy_install command is deprecated setup.py egg_info --egg-base ../../build/my_robot_controller build --build-base /home/ruby/dev_ws/build/my_robot_controller/build install --record /home/ruby/dev_ws/build/my_robot_controller/install.log --single-version-externally-managed install_data
[2.021s] running egg_info
[2.042s] writing ../../build/my_robot_controller/my_robot_controller.egg-info/PKG-INFO
[2.042s] writing dependency_links to ../../build/my_robot_controller/my_robot_controller.egg-info/dependency_links.txt
[2.043s] writing entry points to ../../build/my_robot_controller/my_robot_controller.egg-info/entry_points.txt
[2.043s] writing requirements to ../../build/my_robot_controller/my_robot_controller.egg-info/requires.txt
[2.044s] writing top-level names to ../../build/my_robot_controller/my_robot_controller.egg-info/top_level.txt
[2.090s] reading manifest file '../../build/my_robot_controller/my_robot_controller.egg-info/SOURCES.txt'
[2.093s] writing manifest file '../../build/my_robot_controller/my_robot_controller.egg-info/SOURCES.txt'
[2.093s] running build
[2.094s] running build_py
[2.094s] copying my_robot_controller/wasd_control.py -> /home/ruby/dev_ws/build/my_robot_controller/build/lib/my_robot_controller
[2.095s] running install
[2.102s] running install_lib
[2.124s] copying /home/ruby/dev_ws/build/my_robot_controller/build/lib/my_robot_controller/wasd_control.py -> /home/ruby/dev_ws/install/my_robot_controller/lib/python3.12/site-packages/my_robot_controller
[2.127s] byte-compiling /home/ruby/dev_ws/install/my_robot_controller/lib/python3.12/site-packages/my_robot_controller/wasd_control.py to wasd_control.cpython-312.pyc
[2.130s]   File "/home/ruby/dev_ws/install/my_robot_controller/lib/python3.12/site-packages/my_robot_controller/wasd_control.py", line 54
[2.130s]     if __name__=='main'
[2.130s]                        ^
[2.130s] SyntaxError: expected ':'
[2.130s] 
[2.130s] running install_data
[2.130s] running install_egg_info
[2.152s] removing '/home/ruby/dev_ws/install/my_robot_controller/lib/python3.12/site-packages/my_robot_controller-0.0.0-py3.12.egg-info' (and everything under it)
[2.153s] Copying ../../build/my_robot_controller/my_robot_controller.egg-info to /home/ruby/dev_ws/install/my_robot_controller/lib/python3.12/site-packages/my_robot_controller-0.0.0-py3.12.egg-info
[2.156s] running install_scripts
[2.330s] Installing wasd_node script to /home/ruby/dev_ws/install/my_robot_controller/lib/my_robot_controller
[2.331s] writing list of installed files to '/home/ruby/dev_ws/build/my_robot_controller/install.log'
[2.388s] Invoked command in '/home/ruby/dev_ws/src/my_robot_controller' returned '0': PYTHONPATH=/home/ruby/dev_ws/build/my_robot_controller/prefix_override:/usr/lib/python3/dist-packages/colcon_core/task/python/colcon_distutils_commands:/home/ruby/dev_ws/install/my_robot_controller/lib/python3.12/site-packages:${PYTHONPATH} /usr/bin/python3 -W ignore:setup.py install is deprecated -W ignore:easy_install command is deprecated setup.py egg_info --egg-base ../../build/my_robot_controller build --build-base /home/ruby/dev_ws/build/my_robot_controller/build install --record /home/ruby/dev_ws/build/my_robot_controller/install.log --single-version-externally-managed install_data
