[1.506s] Invoking command in '/home/ruby/dev_ws/src/my_robot_controller': PYTHONPATH=/home/ruby/dev_ws/build/my_robot_controller/prefix_override:/usr/lib/python3/dist-packages/colcon_core/task/python/colcon_distutils_commands:/home/ruby/dev_ws/install/my_robot_controller/lib/python3.12/site-packages:${PYTHONPATH} /usr/bin/python3 -W ignore:setup.py install is deprecated -W ignore:easy_install command is deprecated setup.py egg_info --egg-base ../../build/my_robot_controller build --build-base /home/ruby/dev_ws/build/my_robot_controller/build install --record /home/ruby/dev_ws/build/my_robot_controller/install.log --single-version-externally-managed install_data
[1.819s] running egg_info
[1.819s] creating ../../build/my_robot_controller/my_robot_controller.egg-info
[1.843s] writing ../../build/my_robot_controller/my_robot_controller.egg-info/PKG-INFO
[1.843s] writing dependency_links to ../../build/my_robot_controller/my_robot_controller.egg-info/dependency_links.txt
[1.843s] writing requirements to ../../build/my_robot_controller/my_robot_controller.egg-info/requires.txt
[1.844s] writing top-level names to ../../build/my_robot_controller/my_robot_controller.egg-info/top_level.txt
[1.844s] writing manifest file '../../build/my_robot_controller/my_robot_controller.egg-info/SOURCES.txt'
[1.886s] reading manifest file '../../build/my_robot_controller/my_robot_controller.egg-info/SOURCES.txt'
[1.886s] writing manifest file '../../build/my_robot_controller/my_robot_controller.egg-info/SOURCES.txt'
[1.887s] running build
[1.887s] running build_py
[1.887s] creating /home/ruby/dev_ws/build/my_robot_controller/build
[1.888s] creating /home/ruby/dev_ws/build/my_robot_controller/build/lib
[1.888s] creating /home/ruby/dev_ws/build/my_robot_controller/build/lib/my_robot_controller
[1.889s] copying my_robot_controller/__init__.py -> /home/ruby/dev_ws/build/my_robot_controller/build/lib/my_robot_controller
[1.889s] running install
[1.896s] running install_lib
[1.916s] creating /home/ruby/dev_ws/install/my_robot_controller/lib/python3.12/site-packages/my_robot_controller
[1.917s] copying /home/ruby/dev_ws/build/my_robot_controller/build/lib/my_robot_controller/__init__.py -> /home/ruby/dev_ws/install/my_robot_controller/lib/python3.12/site-packages/my_robot_controller
[1.918s] byte-compiling /home/ruby/dev_ws/install/my_robot_controller/lib/python3.12/site-packages/my_robot_controller/__init__.py to __init__.cpython-312.pyc
[1.918s] running install_data
[1.918s] creating /home/ruby/dev_ws/install/my_robot_controller/share/ament_index
[1.919s] creating /home/ruby/dev_ws/install/my_robot_controller/share/ament_index/resource_index
[1.920s] creating /home/ruby/dev_ws/install/my_robot_controller/share/ament_index/resource_index/packages
[1.920s] copying resource/my_robot_controller -> /home/ruby/dev_ws/install/my_robot_controller/share/ament_index/resource_index/packages
[1.920s] copying package.xml -> /home/ruby/dev_ws/install/my_robot_controller/share/my_robot_controller
[1.921s] running install_egg_info
[1.941s] Copying ../../build/my_robot_controller/my_robot_controller.egg-info to /home/ruby/dev_ws/install/my_robot_controller/lib/python3.12/site-packages/my_robot_controller-0.0.0-py3.12.egg-info
[1.943s] running install_scripts
[2.081s] writing list of installed files to '/home/ruby/dev_ws/build/my_robot_controller/install.log'
[2.128s] Invoked command in '/home/ruby/dev_ws/src/my_robot_controller' returned '0': PYTHONPATH=/home/ruby/dev_ws/build/my_robot_controller/prefix_override:/usr/lib/python3/dist-packages/colcon_core/task/python/colcon_distutils_commands:/home/ruby/dev_ws/install/my_robot_controller/lib/python3.12/site-packages:${PYTHONPATH} /usr/bin/python3 -W ignore:setup.py install is deprecated -W ignore:easy_install command is deprecated setup.py egg_info --egg-base ../../build/my_robot_controller build --build-base /home/ruby/dev_ws/build/my_robot_controller/build install --record /home/ruby/dev_ws/build/my_robot_controller/install.log --single-version-externally-managed install_data
