[1.450s] Invoking command in '/home/ruby/dev_ws/src/my_robot_controller': PYTHONPATH=/home/ruby/dev_ws/build/my_robot_controller/prefix_override:/usr/lib/python3/dist-packages/colcon_core/task/python/colcon_distutils_commands:/home/ruby/dev_ws/install/my_robot_controller/lib/python3.12/site-packages:${PYTHONPATH} /usr/bin/python3 -W ignore:setup.py install is deprecated -W ignore:easy_install command is deprecated setup.py egg_info --egg-base ../../build/my_robot_controller build --build-base /home/ruby/dev_ws/build/my_robot_controller/build install --record /home/ruby/dev_ws/build/my_robot_controller/install.log --single-version-externally-managed install_data
[1.789s] running egg_info
[1.813s] writing ../../build/my_robot_controller/my_robot_controller.egg-info/PKG-INFO
[1.814s] writing dependency_links to ../../build/my_robot_controller/my_robot_controller.egg-info/dependency_links.txt
[1.815s] writing entry points to ../../build/my_robot_controller/my_robot_controller.egg-info/entry_points.txt
[1.815s] writing requirements to ../../build/my_robot_controller/my_robot_controller.egg-info/requires.txt
[1.816s] writing top-level names to ../../build/my_robot_controller/my_robot_controller.egg-info/top_level.txt
[1.864s] reading manifest file '../../build/my_robot_controller/my_robot_controller.egg-info/SOURCES.txt'
[1.865s] writing manifest file '../../build/my_robot_controller/my_robot_controller.egg-info/SOURCES.txt'
[1.866s] running build
[1.866s] running build_py
[1.868s] running install
[1.875s] running install_lib
[1.898s] running install_data
[1.899s] running install_egg_info
[1.921s] removing '/home/ruby/dev_ws/install/my_robot_controller/lib/python3.12/site-packages/my_robot_controller-0.0.0-py3.12.egg-info' (and everything under it)
[1.922s] Copying ../../build/my_robot_controller/my_robot_controller.egg-info to /home/ruby/dev_ws/install/my_robot_controller/lib/python3.12/site-packages/my_robot_controller-0.0.0-py3.12.egg-info
[1.925s] running install_scripts
[2.083s] Installing wasd_node script to /home/ruby/dev_ws/install/my_robot_controller/lib/my_robot_controller
[2.084s] writing list of installed files to '/home/ruby/dev_ws/build/my_robot_controller/install.log'
[2.139s] Invoked command in '/home/ruby/dev_ws/src/my_robot_controller' returned '0': PYTHONPATH=/home/ruby/dev_ws/build/my_robot_controller/prefix_override:/usr/lib/python3/dist-packages/colcon_core/task/python/colcon_distutils_commands:/home/ruby/dev_ws/install/my_robot_controller/lib/python3.12/site-packages:${PYTHONPATH} /usr/bin/python3 -W ignore:setup.py install is deprecated -W ignore:easy_install command is deprecated setup.py egg_info --egg-base ../../build/my_robot_controller build --build-base /home/ruby/dev_ws/build/my_robot_controller/build install --record /home/ruby/dev_ws/build/my_robot_controller/install.log --single-version-externally-managed install_data
