[1.651s] Invoking command in '/home/ruby/dev_ws/src/my_robot_controller': PYTHONPATH=/home/ruby/dev_ws/build/my_robot_controller/prefix_override:/usr/lib/python3/dist-packages/colcon_core/task/python/colcon_distutils_commands:/home/ruby/dev_ws/install/my_robot_controller/lib/python3.12/site-packages:${PYTHONPATH} /usr/bin/python3 -W ignore:setup.py install is deprecated -W ignore:easy_install command is deprecated setup.py egg_info --egg-base ../../build/my_robot_controller build --build-base /home/ruby/dev_ws/build/my_robot_controller/build install --record /home/ruby/dev_ws/build/my_robot_controller/install.log --single-version-externally-managed install_data
[2.088s] running egg_info
[2.116s] writing ../../build/my_robot_controller/my_robot_controller.egg-info/PKG-INFO
[2.116s] writing dependency_links to ../../build/my_robot_controller/my_robot_controller.egg-info/dependency_links.txt
[2.117s] writing entry points to ../../build/my_robot_controller/my_robot_controller.egg-info/entry_points.txt
[2.118s] writing requirements to ../../build/my_robot_controller/my_robot_controller.egg-info/requires.txt
[2.118s] writing top-level names to ../../build/my_robot_controller/my_robot_controller.egg-info/top_level.txt
[2.172s] reading manifest file '../../build/my_robot_controller/my_robot_controller.egg-info/SOURCES.txt'
[2.174s] writing manifest file '../../build/my_robot_controller/my_robot_controller.egg-info/SOURCES.txt'
[2.174s] running build
[2.175s] running build_py
[2.175s] copying my_robot_controller/wasd_control.py -> /home/ruby/dev_ws/build/my_robot_controller/build/lib/my_robot_controller
[2.176s] running install
[2.184s] running install_lib
[2.211s] copying /home/ruby/dev_ws/build/my_robot_controller/build/lib/my_robot_controller/wasd_control.py -> /home/ruby/dev_ws/install/my_robot_controller/lib/python3.12/site-packages/my_robot_controller
[2.212s] byte-compiling /home/ruby/dev_ws/install/my_robot_controller/lib/python3.12/site-packages/my_robot_controller/wasd_control.py to wasd_control.cpython-312.pyc
[2.214s] running install_data
[2.214s] running install_egg_info
[2.240s] removing '/home/ruby/dev_ws/install/my_robot_controller/lib/python3.12/site-packages/my_robot_controller-0.0.0-py3.12.egg-info' (and everything under it)
[2.242s] Copying ../../build/my_robot_controller/my_robot_controller.egg-info to /home/ruby/dev_ws/install/my_robot_controller/lib/python3.12/site-packages/my_robot_controller-0.0.0-py3.12.egg-info
[2.246s] running install_scripts
[2.414s] Installing wasd_node script to /home/ruby/dev_ws/install/my_robot_controller/lib/my_robot_controller
[2.415s] writing list of installed files to '/home/ruby/dev_ws/build/my_robot_controller/install.log'
[2.469s] Invoked command in '/home/ruby/dev_ws/src/my_robot_controller' returned '0': PYTHONPATH=/home/ruby/dev_ws/build/my_robot_controller/prefix_override:/usr/lib/python3/dist-packages/colcon_core/task/python/colcon_distutils_commands:/home/ruby/dev_ws/install/my_robot_controller/lib/python3.12/site-packages:${PYTHONPATH} /usr/bin/python3 -W ignore:setup.py install is deprecated -W ignore:easy_install command is deprecated setup.py egg_info --egg-base ../../build/my_robot_controller build --build-base /home/ruby/dev_ws/build/my_robot_controller/build install --record /home/ruby/dev_ws/build/my_robot_controller/install.log --single-version-externally-managed install_data
